<?xml version="1.0" encoding="UTF-8"?>
<!-- Generated by org.testng.reporters.JUnitReportReporter -->
<testsuite hostname="DESKTOP-3BDCUU4" failures="0" tests="5" name="TestNg.TestNgPractice" time="14.891" errors="0" timestamp="2023-06-28T14:51:02 IST" skipped="4">
  <testcase classname="TestNg.TestNgPractice" name="test5" time="14.891"/>
  <testcase classname="TestNg.TestNgPractice" name="test3">
    <skipped/>
  </testcase> <!-- test3 -->
  <testcase classname="TestNg.TestNgPractice" name="test">
    <skipped/>
  </testcase> <!-- test -->
  <testcase classname="TestNg.TestNgPractice" name="test2">
    <skipped/>
  </testcase> <!-- test2 -->
  <testcase classname="TestNg.TestNgPractice" name="test4">
    <skipped/>
  </testcase> <!-- test4 -->
</testsuite> <!-- TestNg.TestNgPractice -->
