<?xml version="1.0" encoding="UTF-8"?>
<!-- Generated by org.testng.reporters.JUnitReportReporter -->
<testsuite hostname="DESKTOP-3BDCUU4" failures="0" tests="7" name="TestNg.TestNgPractice" time="15.970" errors="0" timestamp="2023-07-20T15:56:44 IST" skipped="6">
  <testcase classname="TestNg.TestNgPractice" name="test5" time="15.970"/>
  <testcase classname="TestNg.TestNgPractice" name="test2">
    <skipped/>
  </testcase> <!-- test2 -->
  <testcase classname="TestNg.TestNgPractice" name="test3">
    <skipped/>
  </testcase> <!-- test3 -->
  <testcase classname="TestNg.TestNgPractice" name="test4">
    <skipped/>
  </testcase> <!-- test4 -->
  <testcase classname="TestNg.TestNgPractice" name="test1">
    <skipped/>
  </testcase> <!-- test1 -->
  <testcase classname="TestNg.TestNgPractice" name="test6">
    <skipped/>
  </testcase> <!-- test6 -->
  <testcase classname="TestNg.TestNgPractice" name="test7">
    <skipped/>
  </testcase> <!-- test7 -->
</testsuite> <!-- TestNg.TestNgPractice -->
